<?xml version="1.0" encoding="UTF-8"?>
<testng-results ignored="0" total="1" passed="1" failed="0" skipped="0">
  <reporter-output>
  </reporter-output>
  <suite started-at="2025-03-11T07:29:46 IST" name="Default suite" finished-at="2025-03-11T07:29:48 IST" duration-ms="2203">
    <groups>
    </groups>
    <test started-at="2025-03-11T07:29:46 IST" name="Default test" finished-at="2025-03-11T07:29:48 IST" duration-ms="2203">
      <class name="restAPI.FileUploads">
        <test-method signature="fileUpload()[pri:0, instance:restAPI.FileUploads@32eff876]" started-at="2025-03-11T07:29:46 IST" name="fileUpload" finished-at="2025-03-11T07:29:48 IST" duration-ms="2165" status="PASS">
          <reporter-output>
          </reporter-output>
        </test-method> <!-- fileUpload -->
      </class> <!-- restAPI.FileUploads -->
    </test> <!-- Default test -->
  </suite> <!-- Default suite -->
</testng-results>
