<?xml version="1.0" encoding="UTF-8"?>
<testng-results ignored="0" total="2" passed="2" failed="0" skipped="0">
  <reporter-output>
  </reporter-output>
  <suite started-at="2025-03-11T23:46:02 IST" name="Default suite" finished-at="2025-03-11T23:46:14 IST" duration-ms="11727">
    <groups>
      <group name="cucumber">
        <method signature="AbstractTestNGCucumberTests.runScenario(io.cucumber.testng.PickleWrapper,io.cucumber.testng.FeatureWrapper)[pri:0, instance:loginTest.TestNGRunner@6a03bcb1]" name="runScenario" class="io.cucumber.testng.AbstractTestNGCucumberTests"/>
      </group> <!-- cucumber -->
    </groups>
    <test started-at="2025-03-11T23:46:02 IST" name="Default test" finished-at="2025-03-11T23:46:14 IST" duration-ms="11727">
      <class name="loginTest.TestNGRunner">
        <test-method is-config="true" signature="setUpClass(org.testng.ITestContext)[pri:0, instance:loginTest.TestNGRunner@6a03bcb1]" started-at="2025-03-11T23:46:02 IST" name="setUpClass" finished-at="2025-03-11T23:46:03 IST" duration-ms="808" status="PASS">
          <params>
            <param index="0">
              <value>
                <![CDATA[org.testng.TestRunner@44a2b17b]]>
              </value>
            </param>
          </params>
          <reporter-output>
          </reporter-output>
        </test-method> <!-- setUpClass -->
        <test-method signature="runScenario(io.cucumber.testng.PickleWrapper,io.cucumber.testng.FeatureWrapper)[pri:0, instance:loginTest.TestNGRunner@6a03bcb1]" started-at="2025-03-11T23:46:03 IST" name="runScenario" description="Runs Cucumber Scenarios" data-provider="scenarios" finished-at="2025-03-11T23:46:13 IST" duration-ms="10148" status="PASS">
          <params>
            <param index="0">
              <value>
                <![CDATA["Login with valids credentials"]]>
              </value>
            </param>
            <param index="1">
              <value>
                <![CDATA["Check the Facebook Login"]]>
              </value>
            </param>
          </params>
          <reporter-output>
          </reporter-output>
        </test-method> <!-- runScenario -->
        <test-method signature="runScenario(io.cucumber.testng.PickleWrapper,io.cucumber.testng.FeatureWrapper)[pri:0, instance:loginTest.TestNGRunner@6a03bcb1]" started-at="2025-03-11T23:46:03 IST" name="runScenario" description="Runs Cucumber Scenarios" data-provider="scenarios" finished-at="2025-03-11T23:46:14 IST" duration-ms="10772" status="PASS">
          <params>
            <param index="0">
              <value>
                <![CDATA["Login with valids credentials"]]>
              </value>
            </param>
            <param index="1">
              <value>
                <![CDATA["Check the Facebook Login"]]>
              </value>
            </param>
          </params>
          <reporter-output>
          </reporter-output>
        </test-method> <!-- runScenario -->
        <test-method is-config="true" signature="tearDownClass()[pri:0, instance:loginTest.TestNGRunner@6a03bcb1]" started-at="2025-03-11T23:46:14 IST" name="tearDownClass" finished-at="2025-03-11T23:46:14 IST" duration-ms="74" status="PASS">
          <reporter-output>
          </reporter-output>
        </test-method> <!-- tearDownClass -->
      </class> <!-- loginTest.TestNGRunner -->
    </test> <!-- Default test -->
  </suite> <!-- Default suite -->
</testng-results>
