<?xml version="1.0" encoding="UTF-8"?>
<!-- Generated by org.testng.reporters.JUnitXMLReporter -->
<testsuite ignored="0" hostname="LAPTOP-LSU5H1QQ" failures="0" tests="4" name="Test" time="0.075" errors="0" timestamp="2025-03-11T12:12:32 IST">
  <testcase classname="practiceTestNG.Parallel" name="sample2" time="0.021"/>
  <testcase classname="practiceTestNG.Parallel" name="sample4" time="0.021"/>
  <testcase classname="practiceTestNG.Parallel" name="sample1" time="0.02"/>
  <testcase classname="practiceTestNG.Parallel" name="sample3" time="0.02"/>
</testsuite> <!-- Test -->
