<?xml version="1.0" encoding="UTF-8"?>
<testng-results ignored="0" total="3" passed="3" failed="0" skipped="0">
  <reporter-output>
  </reporter-output>
  <suite started-at="2025-03-22T06:46:37 IST" name="Default suite" finished-at="2025-03-22T06:46:37 IST" duration-ms="113">
    <groups>
    </groups>
    <test started-at="2025-03-22T06:46:37 IST" name="Default test" finished-at="2025-03-22T06:46:37 IST" duration-ms="113">
      <class name="drivenTest.LoginSteps">
        <test-method signature="testLogin(java.lang.String,java.lang.String)[pri:0, instance:drivenTest.LoginSteps@5e5d171f]" started-at="2025-03-22T06:46:37 IST" name="testLogin" data-provider="loginData" finished-at="2025-03-22T06:46:37 IST" duration-ms="12" status="PASS">
          <params>
            <param index="0">
              <value>
                <![CDATA[user1]]>
              </value>
            </param>
            <param index="1">
              <value>
                <![CDATA[pass1]]>
              </value>
            </param>
          </params>
          <reporter-output>
          </reporter-output>
        </test-method> <!-- testLogin -->
        <test-method signature="testLogin(java.lang.String,java.lang.String)[pri:0, instance:drivenTest.LoginSteps@5e5d171f]" started-at="2025-03-22T06:46:37 IST" name="testLogin" data-provider="loginData" finished-at="2025-03-22T06:46:37 IST" duration-ms="5" status="PASS">
          <params>
            <param index="0">
              <value>
                <![CDATA[user2]]>
              </value>
            </param>
            <param index="1">
              <value>
                <![CDATA[pass2]]>
              </value>
            </param>
          </params>
          <reporter-output>
          </reporter-output>
        </test-method> <!-- testLogin -->
        <test-method signature="testLogin(java.lang.String,java.lang.String)[pri:0, instance:drivenTest.LoginSteps@5e5d171f]" started-at="2025-03-22T06:46:37 IST" name="testLogin" data-provider="loginData" finished-at="2025-03-22T06:46:37 IST" duration-ms="6" status="PASS">
          <params>
            <param index="0">
              <value>
                <![CDATA[user3]]>
              </value>
            </param>
            <param index="1">
              <value>
                <![CDATA[pass3]]>
              </value>
            </param>
          </params>
          <reporter-output>
          </reporter-output>
        </test-method> <!-- testLogin -->
      </class> <!-- drivenTest.LoginSteps -->
    </test> <!-- Default test -->
  </suite> <!-- Default suite -->
</testng-results>
